2011-10-12 11:22:13 NOTIFICATIONS_LOG: Error : notification type   Does not exist
2011-10-12 11:22:13 NOTIFICATIONS_LOG: Error : notification not saved 
2011-10-14 15:32:05 NOTIFICATIONS_LOG: Error : notification type   Does not exist
2011-10-14 15:32:05 NOTIFICATIONS_LOG: Error : notification not saved 
2011-12-01 12:06:25 NOTIFICATIONS_LOG: Error : model_id not found for model Sponsorship 
2011-12-01 12:06:25 NOTIFICATIONS_LOG: Error : model_id not found for model Sponsorship 
2011-12-02 12:28:44 NOTIFICATIONS_LOG: Error : model_id not found for model Sponsorship 
2011-12-02 12:28:44 NOTIFICATIONS_LOG: Error : model_id not found for model Sponsorship 
2011-12-06 15:07:01 NOTIFICATIONS_LOG: Error : model_id not found for model Sponsorship 
2011-12-06 15:07:01 NOTIFICATIONS_LOG: Error : model_id not found for model Sponsorship 
2011-12-06 15:14:02 NOTIFICATIONS_LOG: Error : model_id not found for model Sponsorship 
2011-12-06 15:14:02 NOTIFICATIONS_LOG: Error : model_id not found for model Sponsorship 
2011-12-07 09:37:25 NOTIFICATIONS_LOG: Error : model_id not found for model Sponsorship 
2011-12-07 09:37:25 NOTIFICATIONS_LOG: Error : model_id not found for model Sponsorship 
2011-12-08 07:56:00 NOTIFICATIONS_LOG: Error : model_id not found for model Sponsorship 
2011-12-08 07:56:00 NOTIFICATIONS_LOG: Error : model_id not found for model Sponsorship 
2011-12-09 11:19:02 NOTIFICATIONS_LOG: Error : model_id not found for model Sponsorship 
2011-12-09 11:19:02 NOTIFICATIONS_LOG: Error : model_id not found for model Sponsorship 
2011-12-09 11:38:56 NOTIFICATIONS_LOG: Error : model_id not found for model Sponsorship 
2011-12-09 11:38:56 NOTIFICATIONS_LOG: Error : model_id not found for model Sponsorship 
2011-12-09 18:03:18 NOTIFICATIONS_LOG: Error : model_id not found for model Sponsorship 
2011-12-09 18:03:18 NOTIFICATIONS_LOG: Error : model_id not found for model Sponsorship 
2011-12-09 18:07:49 NOTIFICATIONS_LOG: Error : model_id not found for model Sponsorship 
2011-12-09 18:07:49 NOTIFICATIONS_LOG: Error : model_id not found for model Sponsorship 
2011-12-11 15:25:27 NOTIFICATIONS_LOG: Error : model_id not found for model Sponsorship 
2011-12-11 15:25:27 NOTIFICATIONS_LOG: Error : model_id not found for model Sponsorship 
2011-12-13 17:37:11 NOTIFICATIONS_LOG: Error : model_id not found for model Sponsorship 
2011-12-13 17:37:11 NOTIFICATIONS_LOG: Error : model_id not found for model Sponsorship 
2011-12-16 11:52:07 NOTIFICATIONS_LOG: Error : model_id not found for model Sponsorship 
2011-12-16 11:52:07 NOTIFICATIONS_LOG: Error : model_id not found for model Sponsorship 
2011-12-16 12:55:46 NOTIFICATIONS_LOG: Error : model_id not found for model Sponsorship 
2011-12-16 12:55:46 NOTIFICATIONS_LOG: Error : model_id not found for model Sponsorship 
2011-12-17 06:42:56 NOTIFICATIONS_LOG: Error : model_id not found for model Sponsorship 
2011-12-17 06:42:56 NOTIFICATIONS_LOG: Error : model_id not found for model Sponsorship 
2011-12-26 13:26:20 NOTIFICATIONS_LOG: Error : model_id not found for model Sponsorship 
2011-12-26 13:26:20 NOTIFICATIONS_LOG: Error : model_id not found for model Sponsorship 
2011-12-26 18:48:36 NOTIFICATIONS_LOG: Error : model_id not found for model Sponsorship 
2011-12-26 18:48:36 NOTIFICATIONS_LOG: Error : model_id not found for model Sponsorship 
2011-12-28 10:19:01 NOTIFICATIONS_LOG: Error : model_id not found for model Sponsorship 
2011-12-28 10:19:01 NOTIFICATIONS_LOG: Error : model_id not found for model Sponsorship 
2011-12-29 10:31:30 NOTIFICATIONS_LOG: Error : model_id not found for model Sponsorship 
2011-12-29 10:31:30 NOTIFICATIONS_LOG: Error : model_id not found for model Sponsorship 
2012-01-02 11:31:05 NOTIFICATIONS_LOG: Error : model_id not found for model Sponsorship 
2012-01-02 11:31:05 NOTIFICATIONS_LOG: Error : model_id not found for model Sponsorship 
2012-01-02 17:37:56 NOTIFICATIONS_LOG: Error : model_id not found for model Sponsorship 
2012-01-02 17:37:56 NOTIFICATIONS_LOG: Error : model_id not found for model Sponsorship 
2012-01-05 09:29:29 NOTIFICATIONS_LOG: Error : model_id not found for model Sponsorship 
2012-01-05 09:29:29 NOTIFICATIONS_LOG: Error : model_id not found for model Sponsorship 
2012-01-05 23:20:44 NOTIFICATIONS_LOG: Error : model_id not found for model Sponsorship 
2012-01-05 23:20:44 NOTIFICATIONS_LOG: Error : model_id not found for model Sponsorship 
2012-01-07 04:20:10 NOTIFICATIONS_LOG: Error : model_id not found for model Sponsorship 
2012-01-07 04:20:10 NOTIFICATIONS_LOG: Error : model_id not found for model Sponsorship 
2012-01-10 08:22:43 NOTIFICATIONS_LOG: Error : model_id not found for model Sponsorship 
2012-01-10 08:22:43 NOTIFICATIONS_LOG: Error : model_id not found for model Sponsorship 
2012-01-22 08:03:27 NOTIFICATIONS_LOG: Error : model_id not found for model Sponsorship 
2012-01-22 08:03:27 NOTIFICATIONS_LOG: Error : model_id not found for model Sponsorship 
2012-01-22 08:05:02 NOTIFICATIONS_LOG: Error : model_id not found for model Sponsorship 
2012-01-22 08:05:02 NOTIFICATIONS_LOG: Error : model_id not found for model Sponsorship 
2012-01-22 09:21:27 NOTIFICATIONS_LOG: Error : model_id not found for model Sponsorship 
2012-01-22 09:21:27 NOTIFICATIONS_LOG: Error : model_id not found for model Sponsorship 
2012-01-22 10:08:10 NOTIFICATIONS_LOG: Error : model_id not found for model Sponsorship 
2012-01-22 10:08:10 NOTIFICATIONS_LOG: Error : model_id not found for model Sponsorship 
2012-01-22 11:24:53 NOTIFICATIONS_LOG: Error : model_id not found for model Sponsorship 
2012-01-22 11:24:53 NOTIFICATIONS_LOG: Error : model_id not found for model Sponsorship 
2012-01-22 11:57:59 NOTIFICATIONS_LOG: Error : model_id not found for model Sponsorship 
2012-01-22 11:57:59 NOTIFICATIONS_LOG: Error : model_id not found for model Sponsorship 
2012-01-22 12:07:15 NOTIFICATIONS_LOG: Error : model_id not found for model Sponsorship 
2012-01-22 12:07:15 NOTIFICATIONS_LOG: Error : model_id not found for model Sponsorship 
2012-01-25 10:00:20 NOTIFICATIONS_LOG: Error : model_id not found for model Sponsorship 
2012-01-25 10:00:20 NOTIFICATIONS_LOG: Error : model_id not found for model Sponsorship 
2012-01-30 18:06:07 NOTIFICATIONS_LOG: Error : model_id not found for model Sponsorship 
2012-01-30 18:06:07 NOTIFICATIONS_LOG: Error : model_id not found for model Sponsorship 
2012-02-04 00:20:43 NOTIFICATIONS_LOG: Error : model_id not found for model Sponsorship 
2012-02-04 00:20:43 NOTIFICATIONS_LOG: Error : model_id not found for model Sponsorship 
2012-02-06 13:40:11 NOTIFICATIONS_LOG: Error : model_id not found for model Sponsorship 
2012-02-06 13:40:11 NOTIFICATIONS_LOG: Error : model_id not found for model Sponsorship 
2012-02-06 15:00:38 NOTIFICATIONS_LOG: Error : model_id not found for model Sponsorship 
2012-02-06 15:00:38 NOTIFICATIONS_LOG: Error : model_id not found for model Sponsorship 
2012-02-08 15:29:49 NOTIFICATIONS_LOG: Error : model_id not found for model Sponsorship 
2012-02-08 15:29:49 NOTIFICATIONS_LOG: Error : model_id not found for model Sponsorship 
2012-02-09 13:21:07 NOTIFICATIONS_LOG: Error : model_id not found for model Sponsorship 
2012-02-09 13:21:07 NOTIFICATIONS_LOG: Error : model_id not found for model Sponsorship 
2012-02-09 15:38:21 NOTIFICATIONS_LOG: Error : model_id not found for model Sponsorship 
2012-02-09 15:38:21 NOTIFICATIONS_LOG: Error : model_id not found for model Sponsorship 
2012-02-09 16:55:11 NOTIFICATIONS_LOG: Error : model_id not found for model Sponsorship 
2012-02-09 16:55:11 NOTIFICATIONS_LOG: Error : model_id not found for model Sponsorship 
2012-02-11 00:47:37 NOTIFICATIONS_LOG: Error : model_id not found for model Sponsorship 
2012-02-11 00:47:37 NOTIFICATIONS_LOG: Error : model_id not found for model Sponsorship 
2012-02-13 15:50:14 NOTIFICATIONS_LOG: Error : model_id not found for model Sponsorship 
2012-02-13 15:50:14 NOTIFICATIONS_LOG: Error : model_id not found for model Sponsorship 
2012-03-01 19:19:41 NOTIFICATIONS_LOG: Error : model_id not found for model Sponsorship 
2012-03-01 19:19:41 NOTIFICATIONS_LOG: Error : model_id not found for model Sponsorship 
2012-03-01 19:26:37 NOTIFICATIONS_LOG: Error : model_id not found for model Sponsorship 
2012-03-01 19:26:37 NOTIFICATIONS_LOG: Error : model_id not found for model Sponsorship 
2012-03-02 07:36:56 NOTIFICATIONS_LOG: Error : model_id not found for model Sponsorship 
2012-03-02 07:36:56 NOTIFICATIONS_LOG: Error : model_id not found for model Sponsorship 
2012-03-02 09:51:55 NOTIFICATIONS_LOG: Error : model_id not found for model Sponsorship 
2012-03-02 09:51:55 NOTIFICATIONS_LOG: Error : model_id not found for model Sponsorship 
2012-04-12 12:38:26 NOTIFICATIONS_LOG: Error : model_id not found for model Sponsorship 
2012-04-12 12:38:26 NOTIFICATIONS_LOG: Error : model_id not found for model Sponsorship 
2012-04-12 12:48:11 NOTIFICATIONS_LOG: Error : model_id not found for model Sponsorship 
2012-04-12 12:48:11 NOTIFICATIONS_LOG: Error : model_id not found for model Sponsorship 
2012-05-02 11:30:01 NOTIFICATIONS_LOG: Error : model_id not found for model Sponsorship 
2012-05-02 11:30:01 NOTIFICATIONS_LOG: Error : model_id not found for model Sponsorship 
2012-05-04 10:44:08 NOTIFICATIONS_LOG: Error : model_id not found for model Sponsorship 
2012-05-04 10:44:08 NOTIFICATIONS_LOG: Error : model_id not found for model Sponsorship 
2012-05-08 00:08:58 NOTIFICATIONS_LOG: Error : model_id not found for model Sponsorship 
2012-05-08 00:08:58 NOTIFICATIONS_LOG: Error : model_id not found for model Sponsorship 
2012-05-08 01:01:55 NOTIFICATIONS_LOG: Error : model_id not found for model Sponsorship 
2012-05-08 01:01:55 NOTIFICATIONS_LOG: Error : model_id not found for model Sponsorship 
2012-05-08 06:15:20 NOTIFICATIONS_LOG: Error : model_id not found for model Sponsorship 
2012-05-08 06:15:20 NOTIFICATIONS_LOG: Error : model_id not found for model Sponsorship 
2012-05-08 08:55:30 NOTIFICATIONS_LOG: Error : model_id not found for model Sponsorship 
2012-05-08 08:55:30 NOTIFICATIONS_LOG: Error : model_id not found for model Sponsorship 
2012-05-08 11:24:42 NOTIFICATIONS_LOG: Error : model_id not found for model Sponsorship 
2012-05-08 11:24:42 NOTIFICATIONS_LOG: Error : model_id not found for model Sponsorship 
2012-05-08 15:34:41 NOTIFICATIONS_LOG: Error : model_id not found for model Sponsorship 
2012-05-08 15:34:41 NOTIFICATIONS_LOG: Error : model_id not found for model Sponsorship 
2012-05-11 17:44:30 NOTIFICATIONS_LOG: Error : model_id not found for model Sponsorship 
2012-05-11 17:44:30 NOTIFICATIONS_LOG: Error : model_id not found for model Sponsorship 
2012-05-11 23:23:22 NOTIFICATIONS_LOG: Error : model_id not found for model Sponsorship 
2012-05-11 23:23:22 NOTIFICATIONS_LOG: Error : model_id not found for model Sponsorship 
2012-05-17 14:04:44 NOTIFICATIONS_LOG: Error : model_id not found for model Sponsorship 
2012-05-17 14:04:44 NOTIFICATIONS_LOG: Error : model_id not found for model Sponsorship 
2012-05-20 19:15:50 NOTIFICATIONS_LOG: Error : model_id not found for model Sponsorship 
2012-05-20 19:15:50 NOTIFICATIONS_LOG: Error : model_id not found for model Sponsorship 
2012-05-22 20:42:11 NOTIFICATIONS_LOG: Error : model_id not found for model Sponsorship 
2012-05-22 20:42:11 NOTIFICATIONS_LOG: Error : model_id not found for model Sponsorship 
2012-05-24 11:57:53 NOTIFICATIONS_LOG: Error : model_id not found for model Sponsorship 
2012-05-24 11:57:53 NOTIFICATIONS_LOG: Error : model_id not found for model Sponsorship 
2012-05-26 16:27:24 NOTIFICATIONS_LOG: Error : model_id not found for model Sponsorship 
2012-05-26 16:27:24 NOTIFICATIONS_LOG: Error : model_id not found for model Sponsorship 
2012-05-28 08:39:57 NOTIFICATIONS_LOG: Error : model_id not found for model Sponsorship 
2012-05-28 08:39:57 NOTIFICATIONS_LOG: Error : model_id not found for model Sponsorship 
2012-05-28 14:33:43 NOTIFICATIONS_LOG: Error : model_id not found for model Sponsorship 
2012-05-28 14:33:43 NOTIFICATIONS_LOG: Error : model_id not found for model Sponsorship 
2012-05-29 09:20:12 NOTIFICATIONS_LOG: Error : model_id not found for model Sponsorship 
2012-05-29 09:20:12 NOTIFICATIONS_LOG: Error : model_id not found for model Sponsorship 
2012-05-30 23:04:25 NOTIFICATIONS_LOG: Error : model_id not found for model Sponsorship 
2012-05-30 23:04:25 NOTIFICATIONS_LOG: Error : model_id not found for model Sponsorship 
2012-05-30 23:30:56 NOTIFICATIONS_LOG: Error : model_id not found for model Sponsorship 
2012-05-30 23:30:56 NOTIFICATIONS_LOG: Error : model_id not found for model Sponsorship 
2012-06-04 10:49:08 NOTIFICATIONS_LOG: Error : model_id not found for model Sponsorship 
2012-06-04 10:49:08 NOTIFICATIONS_LOG: Error : model_id not found for model Sponsorship 
2012-08-01 19:00:44 NOTIFICATIONS_LOG: Error : model_id not found for model Sponsorship 
2012-08-01 19:00:44 NOTIFICATIONS_LOG: Error : model_id not found for model Sponsorship 
2012-08-06 16:59:10 NOTIFICATIONS_LOG: Error : model_id not found for model Sponsorship 
2012-08-06 16:59:10 NOTIFICATIONS_LOG: Error : model_id not found for model Sponsorship 
2012-08-08 07:09:02 NOTIFICATIONS_LOG: Error : model_id not found for model Sponsorship 
2012-08-08 07:09:02 NOTIFICATIONS_LOG: Error : model_id not found for model Sponsorship 
2012-08-15 03:49:27 NOTIFICATIONS_LOG: Error : model_id not found for model Sponsorship 
2012-08-15 03:49:27 NOTIFICATIONS_LOG: Error : model_id not found for model Sponsorship 
2012-08-21 16:49:24 NOTIFICATIONS_LOG: Error : model_id not found for model Sponsorship 
2012-08-21 16:49:24 NOTIFICATIONS_LOG: Error : model_id not found for model Sponsorship 
2012-08-21 19:18:29 NOTIFICATIONS_LOG: Error : model_id not found for model Sponsorship 
2012-08-21 19:18:29 NOTIFICATIONS_LOG: Error : model_id not found for model Sponsorship 
2012-08-24 16:19:12 NOTIFICATIONS_LOG: Error : model_id not found for model Sponsorship 
2012-08-24 16:19:12 NOTIFICATIONS_LOG: Error : model_id not found for model Sponsorship 
2012-08-24 16:24:06 NOTIFICATIONS_LOG: Error : model_id not found for model Sponsorship 
2012-08-24 16:24:06 NOTIFICATIONS_LOG: Error : model_id not found for model Sponsorship 
2012-08-30 19:05:38 NOTIFICATIONS_LOG: Error : model_id not found for model Sponsorship 
2012-08-30 19:05:38 NOTIFICATIONS_LOG: Error : model_id not found for model Sponsorship 
2012-08-30 20:23:41 NOTIFICATIONS_LOG: Error : model_id not found for model Sponsorship 
2012-08-30 20:23:41 NOTIFICATIONS_LOG: Error : model_id not found for model Sponsorship 
2012-08-30 20:24:53 NOTIFICATIONS_LOG: Error : model_id not found for model Sponsorship 
2012-08-30 20:24:53 NOTIFICATIONS_LOG: Error : model_id not found for model Sponsorship 
2012-08-30 20:26:03 NOTIFICATIONS_LOG: Error : model_id not found for model Sponsorship 
2012-08-30 20:26:03 NOTIFICATIONS_LOG: Error : model_id not found for model Sponsorship 
2012-08-30 20:29:24 NOTIFICATIONS_LOG: Error : model_id not found for model Sponsorship 
2012-08-30 20:29:24 NOTIFICATIONS_LOG: Error : model_id not found for model Sponsorship 
2012-08-30 20:29:24 NOTIFICATIONS_LOG: Error : model_id not found for model Sponsorship 
2012-08-30 20:29:24 NOTIFICATIONS_LOG: Error : model_id not found for model Sponsorship 
2012-08-30 20:36:54 NOTIFICATIONS_LOG: Error : model_id not found for model Sponsorship 
2012-08-30 20:36:54 NOTIFICATIONS_LOG: Error : model_id not found for model Sponsorship 
2012-08-30 20:38:35 NOTIFICATIONS_LOG: Error : model_id not found for model Sponsorship 
2012-08-30 20:38:35 NOTIFICATIONS_LOG: Error : model_id not found for model Sponsorship 
2012-08-30 20:40:15 NOTIFICATIONS_LOG: Error : model_id not found for model Sponsorship 
2012-08-30 20:40:15 NOTIFICATIONS_LOG: Error : model_id not found for model Sponsorship 
2012-08-30 20:41:37 NOTIFICATIONS_LOG: Error : model_id not found for model Sponsorship 
2012-08-30 20:41:37 NOTIFICATIONS_LOG: Error : model_id not found for model Sponsorship 
2012-08-30 20:42:57 NOTIFICATIONS_LOG: Error : model_id not found for model Sponsorship 
2012-08-30 20:42:57 NOTIFICATIONS_LOG: Error : model_id not found for model Sponsorship 
2012-08-30 23:29:28 NOTIFICATIONS_LOG: Error : model_id not found for model Sponsorship 
2012-08-30 23:29:28 NOTIFICATIONS_LOG: Error : model_id not found for model Sponsorship 
2012-08-30 23:30:51 NOTIFICATIONS_LOG: Error : model_id not found for model Sponsorship 
2012-08-30 23:30:51 NOTIFICATIONS_LOG: Error : model_id not found for model Sponsorship 
2012-08-30 23:33:12 NOTIFICATIONS_LOG: Error : model_id not found for model Sponsorship 
2012-08-30 23:33:12 NOTIFICATIONS_LOG: Error : model_id not found for model Sponsorship 
2012-08-31 13:45:30 NOTIFICATIONS_LOG: Error : model_id not found for model Sponsorship 
2012-08-31 13:45:30 NOTIFICATIONS_LOG: Error : model_id not found for model Sponsorship 
2012-08-31 13:47:50 NOTIFICATIONS_LOG: Error : model_id not found for model Sponsorship 
2012-08-31 13:47:50 NOTIFICATIONS_LOG: Error : model_id not found for model Sponsorship 
2012-08-31 13:52:58 NOTIFICATIONS_LOG: Error : model_id not found for model Sponsorship 
2012-08-31 13:52:58 NOTIFICATIONS_LOG: Error : model_id not found for model Sponsorship 
2012-08-31 13:57:33 NOTIFICATIONS_LOG: Error : model_id not found for model Sponsorship 
2012-08-31 13:57:33 NOTIFICATIONS_LOG: Error : model_id not found for model Sponsorship 
2012-08-31 13:59:14 NOTIFICATIONS_LOG: Error : model_id not found for model Sponsorship 
2012-08-31 13:59:14 NOTIFICATIONS_LOG: Error : model_id not found for model Sponsorship 
2012-08-31 14:00:16 NOTIFICATIONS_LOG: Error : model_id not found for model Sponsorship 
2012-08-31 14:00:16 NOTIFICATIONS_LOG: Error : model_id not found for model Sponsorship 
2012-08-31 14:01:47 NOTIFICATIONS_LOG: Error : model_id not found for model Sponsorship 
2012-08-31 14:01:47 NOTIFICATIONS_LOG: Error : model_id not found for model Sponsorship 
2012-08-31 14:02:57 NOTIFICATIONS_LOG: Error : model_id not found for model Sponsorship 
2012-08-31 14:02:57 NOTIFICATIONS_LOG: Error : model_id not found for model Sponsorship 
2012-08-31 14:03:52 NOTIFICATIONS_LOG: Error : model_id not found for model Sponsorship 
2012-08-31 14:03:52 NOTIFICATIONS_LOG: Error : model_id not found for model Sponsorship 
2012-08-31 14:05:10 NOTIFICATIONS_LOG: Error : model_id not found for model Sponsorship 
2012-08-31 14:05:10 NOTIFICATIONS_LOG: Error : model_id not found for model Sponsorship 
2012-08-31 14:06:09 NOTIFICATIONS_LOG: Error : model_id not found for model Sponsorship 
2012-08-31 14:06:09 NOTIFICATIONS_LOG: Error : model_id not found for model Sponsorship 
2012-08-31 14:06:57 NOTIFICATIONS_LOG: Error : model_id not found for model Sponsorship 
2012-08-31 14:06:57 NOTIFICATIONS_LOG: Error : model_id not found for model Sponsorship 
2012-08-31 14:08:00 NOTIFICATIONS_LOG: Error : model_id not found for model Sponsorship 
2012-08-31 14:08:00 NOTIFICATIONS_LOG: Error : model_id not found for model Sponsorship 
2012-08-31 14:12:21 NOTIFICATIONS_LOG: Error : model_id not found for model Sponsorship 
2012-08-31 14:12:21 NOTIFICATIONS_LOG: Error : model_id not found for model Sponsorship 
2012-08-31 14:13:51 NOTIFICATIONS_LOG: Error : model_id not found for model Sponsorship 
2012-08-31 14:13:51 NOTIFICATIONS_LOG: Error : model_id not found for model Sponsorship 
2012-08-31 14:16:22 NOTIFICATIONS_LOG: Error : model_id not found for model Sponsorship 
2012-08-31 14:16:22 NOTIFICATIONS_LOG: Error : model_id not found for model Sponsorship 
2012-08-31 14:17:32 NOTIFICATIONS_LOG: Error : model_id not found for model Sponsorship 
2012-08-31 14:17:32 NOTIFICATIONS_LOG: Error : model_id not found for model Sponsorship 
2012-08-31 14:18:54 NOTIFICATIONS_LOG: Error : model_id not found for model Sponsorship 
2012-08-31 14:18:54 NOTIFICATIONS_LOG: Error : model_id not found for model Sponsorship 
2012-08-31 14:23:42 NOTIFICATIONS_LOG: Error : model_id not found for model Sponsorship 
2012-08-31 14:23:42 NOTIFICATIONS_LOG: Error : model_id not found for model Sponsorship 
2012-08-31 14:25:48 NOTIFICATIONS_LOG: Error : model_id not found for model Sponsorship 
2012-08-31 14:25:48 NOTIFICATIONS_LOG: Error : model_id not found for model Sponsorship 
2012-08-31 14:28:00 NOTIFICATIONS_LOG: Error : model_id not found for model Sponsorship 
2012-08-31 14:28:00 NOTIFICATIONS_LOG: Error : model_id not found for model Sponsorship 
2012-08-31 14:30:54 NOTIFICATIONS_LOG: Error : model_id not found for model Sponsorship 
2012-08-31 14:30:54 NOTIFICATIONS_LOG: Error : model_id not found for model Sponsorship 
2012-08-31 14:35:03 NOTIFICATIONS_LOG: Error : model_id not found for model Sponsorship 
2012-08-31 14:35:03 NOTIFICATIONS_LOG: Error : model_id not found for model Sponsorship 
2012-08-31 14:38:01 NOTIFICATIONS_LOG: Error : model_id not found for model Sponsorship 
2012-08-31 14:38:01 NOTIFICATIONS_LOG: Error : model_id not found for model Sponsorship 
2012-08-31 14:51:11 NOTIFICATIONS_LOG: Error : model_id not found for model Sponsorship 
2012-08-31 14:51:11 NOTIFICATIONS_LOG: Error : model_id not found for model Sponsorship 
2012-08-31 14:52:43 NOTIFICATIONS_LOG: Error : model_id not found for model Sponsorship 
2012-08-31 14:52:43 NOTIFICATIONS_LOG: Error : model_id not found for model Sponsorship 
2012-08-31 14:54:58 NOTIFICATIONS_LOG: Error : model_id not found for model Sponsorship 
2012-08-31 14:54:58 NOTIFICATIONS_LOG: Error : model_id not found for model Sponsorship 
2012-08-31 14:59:15 NOTIFICATIONS_LOG: Error : model_id not found for model Sponsorship 
2012-08-31 14:59:15 NOTIFICATIONS_LOG: Error : model_id not found for model Sponsorship 
2012-08-31 15:01:14 NOTIFICATIONS_LOG: Error : model_id not found for model Sponsorship 
2012-08-31 15:01:14 NOTIFICATIONS_LOG: Error : model_id not found for model Sponsorship 
2012-08-31 15:02:29 NOTIFICATIONS_LOG: Error : model_id not found for model Sponsorship 
2012-08-31 15:02:29 NOTIFICATIONS_LOG: Error : model_id not found for model Sponsorship 
2012-09-01 18:18:27 NOTIFICATIONS_LOG: Error : model_id not found for model Sponsorship 
2012-09-01 18:18:27 NOTIFICATIONS_LOG: Error : model_id not found for model Sponsorship 
2012-09-01 18:20:44 NOTIFICATIONS_LOG: Error : model_id not found for model Sponsorship 
2012-09-01 18:20:44 NOTIFICATIONS_LOG: Error : model_id not found for model Sponsorship 
2012-09-01 18:33:25 NOTIFICATIONS_LOG: Error : model_id not found for model Sponsorship 
2012-09-01 18:33:25 NOTIFICATIONS_LOG: Error : model_id not found for model Sponsorship 
2012-09-01 19:02:25 NOTIFICATIONS_LOG: Error : model_id not found for model Sponsorship 
2012-09-01 19:02:25 NOTIFICATIONS_LOG: Error : model_id not found for model Sponsorship 
2012-09-01 19:12:29 NOTIFICATIONS_LOG: Error : model_id not found for model Sponsorship 
2012-09-01 19:12:29 NOTIFICATIONS_LOG: Error : model_id not found for model Sponsorship 
2012-09-01 21:30:54 NOTIFICATIONS_LOG: Error : model_id not found for model Sponsorship 
2012-09-01 21:30:54 NOTIFICATIONS_LOG: Error : model_id not found for model Sponsorship 
2012-09-01 21:39:36 NOTIFICATIONS_LOG: Error : model_id not found for model Sponsorship 
2012-09-01 21:39:36 NOTIFICATIONS_LOG: Error : model_id not found for model Sponsorship 
2012-09-01 21:51:21 NOTIFICATIONS_LOG: Error : model_id not found for model Sponsorship 
2012-09-01 21:51:21 NOTIFICATIONS_LOG: Error : model_id not found for model Sponsorship 
2012-09-01 22:58:03 NOTIFICATIONS_LOG: Error : model_id not found for model Sponsorship 
2012-09-01 22:58:03 NOTIFICATIONS_LOG: Error : model_id not found for model Sponsorship 
2012-09-02 18:19:29 NOTIFICATIONS_LOG: Error : model_id not found for model Sponsorship 
2012-09-02 18:19:29 NOTIFICATIONS_LOG: Error : model_id not found for model Sponsorship 
2012-09-02 18:21:27 NOTIFICATIONS_LOG: Error : model_id not found for model Sponsorship 
2012-09-02 18:21:27 NOTIFICATIONS_LOG: Error : model_id not found for model Sponsorship 
2012-09-02 20:45:43 NOTIFICATIONS_LOG: Error : model_id not found for model Sponsorship 
2012-09-02 20:45:43 NOTIFICATIONS_LOG: Error : model_id not found for model Sponsorship 
2012-09-02 20:47:06 NOTIFICATIONS_LOG: Error : model_id not found for model Sponsorship 
2012-09-02 20:47:06 NOTIFICATIONS_LOG: Error : model_id not found for model Sponsorship 
2012-09-02 20:48:09 NOTIFICATIONS_LOG: Error : model_id not found for model Sponsorship 
2012-09-02 20:48:09 NOTIFICATIONS_LOG: Error : model_id not found for model Sponsorship 
2012-09-02 20:50:13 NOTIFICATIONS_LOG: Error : model_id not found for model Sponsorship 
2012-09-02 20:50:13 NOTIFICATIONS_LOG: Error : model_id not found for model Sponsorship 
2012-09-02 20:52:24 NOTIFICATIONS_LOG: Error : model_id not found for model Sponsorship 
2012-09-02 20:52:24 NOTIFICATIONS_LOG: Error : model_id not found for model Sponsorship 
2012-09-02 20:58:28 NOTIFICATIONS_LOG: Error : model_id not found for model Sponsorship 
2012-09-02 20:58:28 NOTIFICATIONS_LOG: Error : model_id not found for model Sponsorship 
2012-09-02 20:59:34 NOTIFICATIONS_LOG: Error : model_id not found for model Sponsorship 
2012-09-02 20:59:34 NOTIFICATIONS_LOG: Error : model_id not found for model Sponsorship 
2012-09-02 21:02:05 NOTIFICATIONS_LOG: Error : model_id not found for model Sponsorship 
2012-09-02 21:02:05 NOTIFICATIONS_LOG: Error : model_id not found for model Sponsorship 
2012-09-02 21:04:12 NOTIFICATIONS_LOG: Error : model_id not found for model Sponsorship 
2012-09-02 21:04:12 NOTIFICATIONS_LOG: Error : model_id not found for model Sponsorship 
2012-09-02 21:04:31 NOTIFICATIONS_LOG: Error : model_id not found for model Sponsorship 
2012-09-02 21:04:31 NOTIFICATIONS_LOG: Error : model_id not found for model Sponsorship 
2012-09-02 21:18:00 NOTIFICATIONS_LOG: Error : model_id not found for model Sponsorship 
2012-09-02 21:18:00 NOTIFICATIONS_LOG: Error : model_id not found for model Sponsorship 
2012-09-02 21:28:41 NOTIFICATIONS_LOG: Error : model_id not found for model Sponsorship 
2012-09-02 21:28:41 NOTIFICATIONS_LOG: Error : model_id not found for model Sponsorship 
2012-09-02 21:36:42 NOTIFICATIONS_LOG: Error : model_id not found for model Sponsorship 
2012-09-02 21:36:42 NOTIFICATIONS_LOG: Error : model_id not found for model Sponsorship 
2012-09-07 16:02:08 NOTIFICATIONS_LOG: Error : model_id not found for model Sponsorship 
2012-09-07 16:02:08 NOTIFICATIONS_LOG: Error : model_id not found for model Sponsorship 
2012-09-09 18:25:29 NOTIFICATIONS_LOG: Error : model_id not found for model Sponsorship 
2012-09-09 18:25:29 NOTIFICATIONS_LOG: Error : model_id not found for model Sponsorship 
2012-09-10 14:28:32 NOTIFICATIONS_LOG: Error : model_id not found for model Sponsorship 
2012-09-10 14:28:32 NOTIFICATIONS_LOG: Error : model_id not found for model Sponsorship 
2012-09-10 15:34:57 NOTIFICATIONS_LOG: Error : model_id not found for model Sponsorship 
2012-09-10 15:34:57 NOTIFICATIONS_LOG: Error : model_id not found for model Sponsorship 
2012-09-11 00:08:59 NOTIFICATIONS_LOG: Error : model_id not found for model Sponsorship 
2012-09-11 00:08:59 NOTIFICATIONS_LOG: Error : model_id not found for model Sponsorship 
2012-09-11 16:29:10 NOTIFICATIONS_LOG: Error : model_id not found for model Sponsorship 
2012-09-11 16:29:10 NOTIFICATIONS_LOG: Error : model_id not found for model Sponsorship 
2012-09-11 17:21:03 NOTIFICATIONS_LOG: Error : model_id not found for model Sponsorship 
2012-09-11 17:21:03 NOTIFICATIONS_LOG: Error : model_id not found for model Sponsorship 
2012-09-11 19:06:31 NOTIFICATIONS_LOG: Error : model_id not found for model Sponsorship 
2012-09-11 19:06:31 NOTIFICATIONS_LOG: Error : model_id not found for model Sponsorship 
2012-09-11 20:13:41 NOTIFICATIONS_LOG: Error : model_id not found for model Sponsorship 
2012-09-11 20:13:41 NOTIFICATIONS_LOG: Error : model_id not found for model Sponsorship 
2012-09-12 16:09:35 NOTIFICATIONS_LOG: Error : model_id not found for model Sponsorship 
2012-09-12 16:09:35 NOTIFICATIONS_LOG: Error : model_id not found for model Sponsorship 
2012-09-12 16:58:32 NOTIFICATIONS_LOG: Error : model_id not found for model Sponsorship 
2012-09-12 16:58:32 NOTIFICATIONS_LOG: Error : model_id not found for model Sponsorship 
2012-09-13 15:55:28 NOTIFICATIONS_LOG: Error : model_id not found for model Sponsorship 
2012-09-13 15:55:28 NOTIFICATIONS_LOG: Error : model_id not found for model Sponsorship 
2012-09-18 13:32:55 NOTIFICATIONS_LOG: Error : model_id not found for model Sponsorship 
2012-09-18 13:32:55 NOTIFICATIONS_LOG: Error : model_id not found for model Sponsorship 
2012-09-19 23:33:17 NOTIFICATIONS_LOG: Error : model_id not found for model Sponsorship 
2012-09-19 23:33:17 NOTIFICATIONS_LOG: Error : model_id not found for model Sponsorship 
2012-09-19 23:37:10 NOTIFICATIONS_LOG: Error : model_id not found for model Sponsorship 
2012-09-19 23:37:10 NOTIFICATIONS_LOG: Error : model_id not found for model Sponsorship 
2012-09-20 08:25:17 NOTIFICATIONS_LOG: Error : model_id not found for model Sponsorship 
2012-09-20 08:25:17 NOTIFICATIONS_LOG: Error : model_id not found for model Sponsorship 
2012-09-20 08:26:47 NOTIFICATIONS_LOG: Error : model_id not found for model Sponsorship 
2012-09-20 08:26:47 NOTIFICATIONS_LOG: Error : model_id not found for model Sponsorship 
2012-09-20 15:30:35 NOTIFICATIONS_LOG: Error : model_id not found for model Sponsorship 
2012-09-20 15:30:35 NOTIFICATIONS_LOG: Error : model_id not found for model Sponsorship 
2012-09-23 17:44:22 NOTIFICATIONS_LOG: Error : model_id not found for model Sponsorship 
2012-09-23 17:44:22 NOTIFICATIONS_LOG: Error : model_id not found for model Sponsorship 
2012-09-23 17:54:25 NOTIFICATIONS_LOG: Error : model_id not found for model Sponsorship 
2012-09-23 17:54:25 NOTIFICATIONS_LOG: Error : model_id not found for model Sponsorship 
2012-10-30 17:52:42 NOTIFICATIONS_LOG: Error : model_id not found for model Sponsorship 
2012-10-30 17:52:42 NOTIFICATIONS_LOG: Error : model_id not found for model Sponsorship 
2013-09-09 09:58:50 NOTIFICATIONS_LOG: Error : model_id not found for model User 
2013-09-09 09:58:50 NOTIFICATIONS_LOG: Error : notification not saved 
2013-09-09 09:59:02 NOTIFICATIONS_LOG: Error : model_id not found for model User 
2013-09-09 09:59:02 NOTIFICATIONS_LOG: Error : notification not saved 
2013-09-09 09:59:56 NOTIFICATIONS_LOG: Error : model_id not found for model User 
2013-09-09 09:59:56 NOTIFICATIONS_LOG: Error : notification not saved 
2013-09-09 10:00:04 NOTIFICATIONS_LOG: Error : model_id not found for model User 
2013-09-09 10:00:04 NOTIFICATIONS_LOG: Error : notification not saved 
2013-09-09 10:00:13 NOTIFICATIONS_LOG: Error : model_id not found for model User 
2013-09-09 10:00:13 NOTIFICATIONS_LOG: Error : notification not saved 
2013-09-09 10:02:21 NOTIFICATIONS_LOG: Error : model_id not found for model User 
2013-09-09 10:02:21 NOTIFICATIONS_LOG: Error : notification not saved 
2013-09-09 10:02:25 NOTIFICATIONS_LOG: Error : model_id not found for model User 
2013-09-09 10:02:25 NOTIFICATIONS_LOG: Error : notification not saved 
2013-09-09 10:02:54 NOTIFICATIONS_LOG: Error : model_id not found for model User 
2013-09-09 10:02:54 NOTIFICATIONS_LOG: Error : notification not saved 
2013-09-09 10:03:05 NOTIFICATIONS_LOG: Error : model_id not found for model User 
2013-09-09 10:03:05 NOTIFICATIONS_LOG: Error : notification not saved 
2013-09-09 10:03:09 NOTIFICATIONS_LOG: Error : model_id not found for model User 
2013-09-09 10:03:09 NOTIFICATIONS_LOG: Error : notification not saved 
2013-09-09 10:03:45 NOTIFICATIONS_LOG: Error : model_id not found for model User 
2013-09-09 10:03:45 NOTIFICATIONS_LOG: Error : notification not saved 
2013-09-09 10:03:55 NOTIFICATIONS_LOG: Error : model_id not found for model User 
2013-09-09 10:03:55 NOTIFICATIONS_LOG: Error : notification not saved 
2013-09-09 10:04:06 NOTIFICATIONS_LOG: Error : model_id not found for model User 
2013-09-09 10:04:06 NOTIFICATIONS_LOG: Error : notification not saved 
2013-09-18 17:11:42 NOTIFICATIONS_LOG: Error : model_id not found for model Project 
2013-09-18 17:11:42 NOTIFICATIONS_LOG: Error : notification not saved 
