2011-12-01 12:06:25 UpdateExpressCheckoutStatus: 42 2YA49627A88028117 has been finished with status [1]
2011-12-02 12:28:44 UpdateExpressCheckoutStatus: 44 9H591918VJ442141C has been finished with status [1]
2011-12-06 15:07:01 UpdateExpressCheckoutStatus: 46 7TB32946TJ348791G has been finished with status [1]
2011-12-06 15:14:02 UpdateExpressCheckoutStatus: 47 0VK15200U9686040D has been finished with status [1]
2011-12-07 09:37:25 UpdateExpressCheckoutStatus: 52 6KR49164509231920 has been finished with status [1]
2011-12-08 07:56:00 UpdateExpressCheckoutStatus: 54 1CX41771JS890072X has been finished with status [1]
2011-12-09 11:19:02 UpdateExpressCheckoutStatus: 59 05H55173WV722864M has been finished with status [1]
2011-12-09 11:38:56 UpdateExpressCheckoutStatus: 61 2K92839197126270F has been finished with status [1]
2011-12-09 18:03:18 UpdateExpressCheckoutStatus: 64 99V7265627750820A has been finished with status [1]
2011-12-09 18:07:49 UpdateExpressCheckoutStatus: 65 0U5357012F006835Y has been finished with status [1]
2011-12-11 15:25:27 UpdateExpressCheckoutStatus: 77 47R08200DV7324641 has been finished with status [1]
2011-12-13 17:37:11 UpdateExpressCheckoutStatus: 79 7R1091552D6376828 has been finished with status [1]
2011-12-16 11:52:07 UpdateExpressCheckoutStatus: 80 1B615296A81490039 has been finished with status [1]
2011-12-16 12:55:46 UpdateExpressCheckoutStatus: 82 3PY53188UY635061F has been finished with status [1]
2011-12-17 06:42:56 UpdateExpressCheckoutStatus: 83 86313747BL938673Y has been finished with status [1]
2011-12-26 13:26:20 UpdateExpressCheckoutStatus: 91 4EP541559Y052202R has been finished with status [1]
2011-12-26 18:48:35 UpdateExpressCheckoutStatus: 94 2RM75347BD011343M has been finished with status [1]
2011-12-28 10:19:01 UpdateExpressCheckoutStatus: 97 08B73064YL036882J has been finished with status [1]
2011-12-29 10:31:30 UpdateExpressCheckoutStatus: 98 0VF441772N406980G has been finished with status [1]
2012-01-02 11:31:05 UpdateExpressCheckoutStatus: 100 4YM18202Y7905174P has been finished with status [1]
2012-01-02 17:37:56 UpdateExpressCheckoutStatus: 101 6MA96080DR867230S has been finished with status [1]
2012-01-05 09:29:29 UpdateExpressCheckoutStatus: 104 1B987433C22873146 has been finished with status [1]
2012-01-05 23:20:44 UpdateExpressCheckoutStatus: 105 5GR13568UG1462329 has been finished with status [1]
2012-01-07 04:20:10 UpdateExpressCheckoutStatus: 107 29496751K92724254 has been finished with status [1]
2012-01-10 08:22:43 UpdateExpressCheckoutStatus: 109 1A960477NF970680A has been finished with status [1]
2012-01-22 08:03:27 UpdateExpressCheckoutStatus: 113 55N02715FV4780202 has been finished with status [1]
2012-01-22 08:05:02 UpdateExpressCheckoutStatus: 114 4F42671068731793E has been finished with status [1]
2012-01-22 09:21:27 UpdateExpressCheckoutStatus: 115 8AM366322T270531S has been finished with status [1]
2012-01-22 10:08:10 UpdateExpressCheckoutStatus: 121 54391277HG438130Y has been finished with status [1]
2012-01-22 11:24:53 UpdateExpressCheckoutStatus: 126 1DV960609M350013H has been finished with status [1]
2012-01-22 11:57:59 UpdateExpressCheckoutStatus: 129 9R172090SJ700371T has been finished with status [1]
2012-01-22 12:07:15 UpdateExpressCheckoutStatus: 132 0YD92281KW475833G has been finished with status [1]
2012-01-25 10:00:20 UpdateExpressCheckoutStatus: 135 58B64782XW850102T has been finished with status [1]
2012-01-30 18:06:07 UpdateExpressCheckoutStatus: 138 8WB85969PV684563T has been finished with status [1]
2012-02-04 00:20:43 UpdateExpressCheckoutStatus: 139 81269413H41899349 has been finished with status [1]
2012-02-06 13:40:11 UpdateExpressCheckoutStatus: 144 7FC62260HT3152326 has been finished with status [1]
2012-02-06 15:00:38 UpdateExpressCheckoutStatus: 145 52571364FY581072N has been finished with status [1]
2012-02-08 15:29:49 UpdateExpressCheckoutStatus: 149 318353739P997202T has been finished with status [1]
2012-02-09 13:21:07 UpdateExpressCheckoutStatus: 150 1G9988635Y355530N has been finished with status [1]
2012-02-09 15:38:21 UpdateExpressCheckoutStatus: 151 1PT15341U96804901 has been finished with status [1]
2012-02-09 16:55:11 UpdateExpressCheckoutStatus: 152 4DL61430FU936040J has been finished with status [1]
2012-02-11 00:47:37 UpdateExpressCheckoutStatus: 153 9BJ86586B4633431W has been finished with status [1]
2012-02-13 15:50:14 UpdateExpressCheckoutStatus: 154 1VX5439747908121J has been finished with status [1]
2012-03-01 19:19:41 UpdateExpressCheckoutStatus: 159 3DK16225CY3874034 has been finished with status [1]
2012-03-01 19:26:37 UpdateExpressCheckoutStatus: 160 4K949177WF2660528 has been finished with status [1]
2012-03-02 07:36:56 UpdateExpressCheckoutStatus: 161 7M1420934V007910N has been finished with status [1]
2012-03-02 09:51:55 UpdateExpressCheckoutStatus: 162 3XC69115EE641692B has been finished with status [1]
2012-04-12 12:38:26 UpdateExpressCheckoutStatus: 194 1MM85510HR3808438 has been finished with status [1]
2012-04-12 12:48:11 UpdateExpressCheckoutStatus: 195 79282327012430908 has been finished with status [1]
2012-05-02 11:30:01 UpdateExpressCheckoutStatus: 205 3A622405TR552792H has been finished with status [1]
2012-05-04 10:44:08 UpdateExpressCheckoutStatus: 213 2GB215775B6520013 has been finished with status [1]
2012-05-08 00:08:58 UpdateExpressCheckoutStatus: 219 87G26662XW497202P has been finished with status [1]
2012-05-08 01:01:55 UpdateExpressCheckoutStatus: 220 0WB45377FJ931860E has been finished with status [1]
2012-05-08 06:15:20 UpdateExpressCheckoutStatus: 221 25E4287444979842Y has been finished with status [1]
2012-05-08 08:55:30 UpdateExpressCheckoutStatus: 223 5SU42736E6615292S has been finished with status [1]
2012-05-08 11:24:42 UpdateExpressCheckoutStatus: 224 34D00997TG730592U has been finished with status [1]
2012-05-08 15:34:41 UpdateExpressCheckoutStatus: 226 98C82483DS791123L has been finished with status [1]
2012-05-11 17:44:30 UpdateExpressCheckoutStatus: 228 6HU7143848685642X has been finished with status [1]
2012-05-11 23:23:22 UpdateExpressCheckoutStatus: 229 8F693307YT502644C has been finished with status [1]
2012-05-17 14:04:44 UpdateExpressCheckoutStatus: 186 0EA18761HH208051J has been finished with status [1]
2012-05-20 19:15:50 UpdateExpressCheckoutStatus: 230 3WU93943PB623843T has been finished with status [1]
2012-05-22 20:42:11 UpdateExpressCheckoutStatus: 231 3BP07889791540812 has been finished with status [1]
2012-05-24 11:57:53 UpdateExpressCheckoutStatus: 232 4DE38769JB425993W has been finished with status [1]
2012-05-26 16:27:24 UpdateExpressCheckoutStatus: 233 5XD10324D5523743V has been finished with status [1]
2012-05-28 08:39:57 UpdateExpressCheckoutStatus: 234 1XB31397EC8133151 has been finished with status [1]
2012-05-28 14:33:43 UpdateExpressCheckoutStatus: 235 78W908045K735902R has been finished with status [1]
2012-05-29 09:20:12 UpdateExpressCheckoutStatus: 236 69Y802193T336553V has been finished with status [1]
2012-05-30 23:04:25 UpdateExpressCheckoutStatus: 238 5J926371UJ3221220 has been finished with status [1]
2012-05-30 23:30:56 UpdateExpressCheckoutStatus: 190 2UL7459323927743U has been finished with status [1]
2012-06-04 10:49:08 UpdateExpressCheckoutStatus: 240 2BU879408J350944U has been finished with status [1]
2012-08-01 18:33:59 UpdateExpressCheckoutStatus: 246 80B01605C2891013R has been finished with status [6]
2012-08-01 19:00:44 UpdateExpressCheckoutStatus: 247 1AH7475635621432V has been finished with status [1]
2012-08-06 16:59:10 UpdateExpressCheckoutStatus: 251 0LV41364MP726924P has been finished with status [1]
2012-08-08 07:09:02 UpdateExpressCheckoutStatus: 246 80B01605C2891013R has been finished with status [1]
2012-08-15 03:49:27 UpdateExpressCheckoutStatus: 256 90G1203854573394U has been finished with status [1]
2012-08-21 16:49:24 UpdateExpressCheckoutStatus: 258 7BL81178LM3049420 has been finished with status [1]
2012-08-21 19:18:29 UpdateExpressCheckoutStatus: 259 4CC598832P447194E has been finished with status [1]
2012-08-24 16:19:12 UpdateExpressCheckoutStatus: 266 0TJ31212SR103602A has been finished with status [1]
2012-08-24 16:24:06 UpdateExpressCheckoutStatus: 268 3B74922836411543F has been finished with status [1]
2012-08-30 19:05:38 UpdateExpressCheckoutStatus: 274 3SS84500YU523174N has been finished with status [1]
2012-08-30 20:23:41 UpdateExpressCheckoutStatus: 276 0XA95253YH056230U has been finished with status [1]
2012-08-30 20:24:53 UpdateExpressCheckoutStatus: 277 91107729CM684690B has been finished with status [1]
2012-08-30 20:26:03 UpdateExpressCheckoutStatus: 278 41F81424BK3663123 has been finished with status [1]
2012-08-30 20:29:24 UpdateExpressCheckoutStatus: 280 2CU761618F173570H has been finished with status [1]
2012-08-30 20:29:24 UpdateExpressCheckoutStatus: 281 2048331082107504H has been finished with status [1]
2012-08-30 20:36:54 UpdateExpressCheckoutStatus: 288 4J587025U0692791N has been finished with status [1]
2012-08-30 20:38:35 UpdateExpressCheckoutStatus: 289 94T61060D5041761E has been finished with status [1]
2012-08-30 20:40:15 UpdateExpressCheckoutStatus: 290 4EJ522012H665940G has been finished with status [1]
2012-08-30 20:41:37 UpdateExpressCheckoutStatus: 291 7BY19805W1384040E has been finished with status [1]
2012-08-30 20:42:57 UpdateExpressCheckoutStatus: 292 71B88431BN823421K has been finished with status [1]
2012-08-30 23:29:28 UpdateExpressCheckoutStatus: 296 21C315936B615732H has been finished with status [1]
2012-08-30 23:30:51 UpdateExpressCheckoutStatus: 297 5WX50127868850827 has been finished with status [1]
2012-08-30 23:33:12 UpdateExpressCheckoutStatus: 299 7GN270497S735425C has been finished with status [1]
2012-08-31 13:45:30 UpdateExpressCheckoutStatus: 303 5D358708GK264772P has been finished with status [1]
2012-08-31 13:47:50 UpdateExpressCheckoutStatus: 302 65X1978962576940B has been finished with status [1]
2012-08-31 13:52:58 UpdateExpressCheckoutStatus: 307 9PH85916YD427304F has been finished with status [1]
2012-08-31 13:57:33 UpdateExpressCheckoutStatus: 310 20483615GE1371445 has been finished with status [1]
2012-08-31 13:59:14 UpdateExpressCheckoutStatus: 314 4Y14289523778283K has been finished with status [1]
2012-08-31 14:00:16 UpdateExpressCheckoutStatus: 315 36P700783X9450329 has been finished with status [1]
2012-08-31 14:01:47 UpdateExpressCheckoutStatus: 316 0NW96675NT516390H has been finished with status [1]
2012-08-31 14:02:57 UpdateExpressCheckoutStatus: 317 4S146896NM617824X has been finished with status [1]
2012-08-31 14:03:52 UpdateExpressCheckoutStatus: 318 9F4417976C369221R has been finished with status [1]
2012-08-31 14:05:10 UpdateExpressCheckoutStatus: 319 2UK07817TS910952D has been finished with status [1]
2012-08-31 14:06:09 UpdateExpressCheckoutStatus: 320 36M74463B0825324S has been finished with status [1]
2012-08-31 14:06:57 UpdateExpressCheckoutStatus: 321 29228786XY717372J has been finished with status [1]
2012-08-31 14:08:00 UpdateExpressCheckoutStatus: 322 2D782829XJ203274C has been finished with status [1]
2012-08-31 14:12:21 UpdateExpressCheckoutStatus: 326 8AM0585765693774B has been finished with status [1]
2012-08-31 14:13:51 UpdateExpressCheckoutStatus: 327 90M55943A1117120C has been finished with status [1]
2012-08-31 14:16:22 UpdateExpressCheckoutStatus: 328 7GP952781Y271354P has been finished with status [1]
2012-08-31 14:17:32 UpdateExpressCheckoutStatus: 329 15364628L7756602H has been finished with status [1]
2012-08-31 14:18:54 UpdateExpressCheckoutStatus: 330 9NC30288YY502652R has been finished with status [1]
2012-08-31 14:23:42 UpdateExpressCheckoutStatus: 333 6WU982443R8003415 has been finished with status [1]
2012-08-31 14:25:48 UpdateExpressCheckoutStatus: 334 5UL27718U41871318 has been finished with status [1]
2012-08-31 14:28:00 UpdateExpressCheckoutStatus: 335 74W51344FP775083V has been finished with status [1]
2012-08-31 14:30:54 UpdateExpressCheckoutStatus: 336 3H059059582193132 has been finished with status [1]
2012-08-31 14:35:03 UpdateExpressCheckoutStatus: 339 8PA70907J1910763N has been finished with status [1]
2012-08-31 14:38:01 UpdateExpressCheckoutStatus: 341 1Y2784049H543791W has been finished with status [1]
2012-08-31 14:51:11 UpdateExpressCheckoutStatus: 345 22Y04039909702459 has been finished with status [1]
2012-08-31 14:52:43 UpdateExpressCheckoutStatus: 346 4SR756361V4852313 has been finished with status [1]
2012-08-31 14:54:58 UpdateExpressCheckoutStatus: 347 53M130487A3835429 has been finished with status [1]
2012-08-31 14:59:15 UpdateExpressCheckoutStatus: 350 2XD50293S81102213 has been finished with status [1]
2012-08-31 15:01:14 UpdateExpressCheckoutStatus: 351 35E0586176558720Y has been finished with status [1]
2012-08-31 15:02:29 UpdateExpressCheckoutStatus: 352 0CK81206N9565612F has been finished with status [1]
2012-09-01 18:18:27 UpdateExpressCheckoutStatus: 353 3PA96271R06296333 has been finished with status [1]
2012-09-01 18:20:44 UpdateExpressCheckoutStatus: 354 34C75602DH410322T has been finished with status [1]
2012-09-01 18:33:25 UpdateExpressCheckoutStatus: 356 40S83485VR727905P has been finished with status [1]
2012-09-01 19:02:25 UpdateExpressCheckoutStatus: 357 0SS382065K363290B has been finished with status [1]
2012-09-01 19:12:29 UpdateExpressCheckoutStatus: 359 2N838515T9857450P has been finished with status [1]
2012-09-01 21:30:54 UpdateExpressCheckoutStatus: 360 3GW02744C4773183E has been finished with status [1]
2012-09-01 21:39:36 UpdateExpressCheckoutStatus: 361 89C97648A5460791B has been finished with status [1]
2012-09-01 21:51:21 UpdateExpressCheckoutStatus: 362 8E921689DL727493F has been finished with status [1]
2012-09-01 22:58:03 UpdateExpressCheckoutStatus: 365 0JE703454A350364S has been finished with status [1]
2012-09-02 18:19:29 UpdateExpressCheckoutStatus: 367 5X372327S1265812J has been finished with status [1]
2012-09-02 18:21:27 UpdateExpressCheckoutStatus: 368 5MS50309R2911240D has been finished with status [1]
2012-09-02 20:45:43 UpdateExpressCheckoutStatus: 375 9CH32917JB684493P has been finished with status [1]
2012-09-02 20:47:06 UpdateExpressCheckoutStatus: 376 8DT50642VH954313W has been finished with status [1]
2012-09-02 20:48:09 UpdateExpressCheckoutStatus: 377 81M67401P5441061C has been finished with status [1]
2012-09-02 20:50:13 UpdateExpressCheckoutStatus: 378 23M69818HY534450F has been finished with status [1]
2012-09-02 20:52:24 UpdateExpressCheckoutStatus: 379 0BC14615E09718211 has been finished with status [1]
2012-09-02 20:58:28 UpdateExpressCheckoutStatus: 381 40T07977007941142 has been finished with status [1]
2012-09-02 20:59:34 UpdateExpressCheckoutStatus: 382 0WL66198J8390230B has been finished with status [1]
2012-09-02 21:02:05 UpdateExpressCheckoutStatus: 383 6GK801532D112092M has been finished with status [1]
2012-09-02 21:04:12 UpdateExpressCheckoutStatus: 380 10E21002AV0727514 has been finished with status [1]
2012-09-02 21:04:31 UpdateExpressCheckoutStatus: 384 6YN08751YP291041M has been finished with status [1]
2012-09-02 21:18:00 UpdateExpressCheckoutStatus: 388 4JB12194EE987232T has been finished with status [1]
2012-09-02 21:28:41 UpdateExpressCheckoutStatus: 390 3H465918DN008942G has been finished with status [1]
2012-09-02 21:36:42 UpdateExpressCheckoutStatus: 395 8L265893F8263213R has been finished with status [1]
2012-09-07 16:02:08 UpdateExpressCheckoutStatus: 398 36953903RW7314127 has been finished with status [1]
2012-09-09 18:25:29 UpdateExpressCheckoutStatus: 400 995938495V074390B has been finished with status [1]
2012-09-10 13:07:09 UpdateExpressCheckoutStatus: 402 55L26117KT0647317 has been finished with status [6]
2012-09-10 14:28:32 UpdateExpressCheckoutStatus: 403 8C3816213R154204S has been finished with status [1]
2012-09-10 15:34:57 UpdateExpressCheckoutStatus: 405 62R53021GX983174A has been finished with status [1]
2012-09-11 00:08:59 UpdateExpressCheckoutStatus: 406 74136679GL609542W has been finished with status [1]
2012-09-11 16:29:10 UpdateExpressCheckoutStatus: 409 33350788DL196211V has been finished with status [1]
2012-09-11 17:21:03 UpdateExpressCheckoutStatus: 410 62X1829551248340H has been finished with status [1]
2012-09-11 19:06:31 UpdateExpressCheckoutStatus: 413 16E84756S2980204D has been finished with status [1]
2012-09-11 20:13:41 UpdateExpressCheckoutStatus: 414 2GU509236P9704726 has been finished with status [1]
2012-09-12 16:09:35 UpdateExpressCheckoutStatus: 416 14G62488AK3126847 has been finished with status [1]
2012-09-12 16:58:32 UpdateExpressCheckoutStatus: 417 9RV77513XX638513N has been finished with status [1]
2012-09-13 15:55:28 UpdateExpressCheckoutStatus: 402 55L26117KT0647317 has been finished with status [1]
2012-09-18 13:32:55 UpdateExpressCheckoutStatus: 418 58J96536J3737113J has been finished with status [1]
2012-09-19 23:33:17 UpdateExpressCheckoutStatus: 419 0VB1648963706301P has been finished with status [1]
2012-09-19 23:37:10 UpdateExpressCheckoutStatus: 420 54167551KL917260J has been finished with status [1]
2012-09-20 08:25:17 UpdateExpressCheckoutStatus: 421 3J5605142G795051P has been finished with status [1]
2012-09-20 08:26:47 UpdateExpressCheckoutStatus: 422 0AL950230F7101910 has been finished with status [1]
2012-09-20 15:30:35 UpdateExpressCheckoutStatus: 423 4XV9147699126524W has been finished with status [1]
2012-09-23 17:44:22 UpdateExpressCheckoutStatus: 427 87225461669046514 has been finished with status [1]
2012-09-23 17:54:25 UpdateExpressCheckoutStatus: 428 86A77348RD018252H has been finished with status [1]
2012-10-30 17:52:42 UpdateExpressCheckoutStatus: 431 8R003679HL753311A has been finished with status [1]
2012-11-07 09:58:58 UpdateExpressCheckoutStatus: 437 8WL58121JV6811915 has been finished with status [1]
2012-11-11 10:53:14 UpdateExpressCheckoutStatus: 442 2KU38207XB897394X has been finished with status [1]
2012-11-14 11:38:18 UpdateExpressCheckoutStatus: 450 75065116ED022810C has been finished with status [1]
